{
  "stats": {
    "suites": 3,
    "tests": 4,
    "passes": 4,
    "pending": 0,
    "failures": 0,
    "start": "2025-07-19T21:12:53.043Z",
    "end": "2025-07-19T21:13:37.415Z",
    "duration": 44372,
    "testsRegistered": 4,
    "passPercent": 100,
    "pendingPercent": 0,
    "other": 0,
    "hasOther": false,
    "skipped": 0,
    "hasSkipped": false
  },
  "results": [
    {
      "uuid": "52634bf0-f3db-4403-b5ba-fbd3431380d4",
      "title": "",
      "fullFile": "",
      "file": "",
      "beforeHooks": [],
      "afterHooks": [],
      "tests": [],
      "suites": [
        {
          "uuid": "456b7bcc-a4bd-4def-91f0-f3bbc90929fb",
          "title": "Login",
          "fullFile": "C:\\Users\\Deivid Fuzari\\Desktop\\projectMobile-appium-codeceptJS-qazando\\features\\basic.feature",
          "file": "\\features\\basic.feature",
          "beforeHooks": [
            {
              "title": "\"before all\" hook: codeceptjs.beforeSuite in \"Login\"",
              "fullTitle": "Login \"before all\" hook: codeceptjs.beforeSuite in \"Login\"",
              "timedOut": false,
              "duration": 1,
              "state": null,
              "speed": null,
              "pass": false,
              "fail": false,
              "pending": false,
              "context": null,
              "code": "suiteSetup(suite)",
              "err": {},
              "uuid": "da437ddc-222c-43d5-b8fe-b818acc48c1f",
              "parentUUID": "456b7bcc-a4bd-4def-91f0-f3bbc90929fb",
              "isHook": true,
              "skipped": false
            },
            {
              "title": "\"before each\" hook: codeceptjs.before in \"Login\"",
              "fullTitle": "Login \"before each\" hook: codeceptjs.before in \"Login\"",
              "timedOut": false,
              "duration": 2957,
              "state": null,
              "speed": null,
              "pass": false,
              "fail": false,
              "pending": false,
              "context": null,
              "code": "setup(suite)",
              "err": {},
              "uuid": "cacb5726-3866-4bd6-9894-6de951f0bd98",
              "parentUUID": "456b7bcc-a4bd-4def-91f0-f3bbc90929fb",
              "isHook": true,
              "skipped": false
            }
          ],
          "afterHooks": [
            {
              "title": "\"after all\" hook: codeceptjs.afterSuite in \"Login\"",
              "fullTitle": "Login \"after all\" hook: codeceptjs.afterSuite in \"Login\"",
              "timedOut": false,
              "duration": 0,
              "state": null,
              "speed": null,
              "pass": false,
              "fail": false,
              "pending": false,
              "context": null,
              "code": "suiteTeardown(suite)",
              "err": {},
              "uuid": "1c563f2d-97de-4f19-abe2-815aee458957",
              "parentUUID": "456b7bcc-a4bd-4def-91f0-f3bbc90929fb",
              "isHook": true,
              "skipped": false
            },
            {
              "title": "\"after each\" hook: codeceptjs.after in \"Login\"",
              "fullTitle": "Login \"after each\" hook: codeceptjs.after in \"Login\"",
              "timedOut": false,
              "duration": 182,
              "state": null,
              "speed": null,
              "pass": false,
              "fail": false,
              "pending": false,
              "context": null,
              "code": "teardown(suite)",
              "err": {},
              "uuid": "7303d30c-b49f-4290-b467-74af41658807",
              "parentUUID": "456b7bcc-a4bd-4def-91f0-f3bbc90929fb",
              "isHook": true,
              "skipped": false
            }
          ],
          "tests": [
            {
              "title": "login with succsess",
              "fullTitle": "Login: login with succsess",
              "timedOut": false,
              "duration": 6917,
              "state": "passed",
              "speed": "slow",
              "pass": true,
              "fail": false,
              "pending": false,
              "context": null,
              "code": "runSteps(child.scenario.steps)",
              "err": {},
              "uuid": "7d790e64-2c9c-4818-b40a-c7112e97c6ce",
              "parentUUID": "456b7bcc-a4bd-4def-91f0-f3bbc90929fb",
              "isHook": false,
              "skipped": false
            }
          ],
          "suites": [],
          "passes": [
            "7d790e64-2c9c-4818-b40a-c7112e97c6ce"
          ],
          "failures": [],
          "pending": [],
          "skipped": [],
          "duration": 6917,
          "root": false,
          "rootEmpty": false,
          "_timeout": 0
        },
        {
          "uuid": "e33bee70-33e9-48d8-ae47-0296a9dcd0e0",
          "title": "Students",
          "fullFile": "C:\\Users\\Deivid Fuzari\\Desktop\\projectMobile-appium-codeceptJS-qazando\\steps\\students_test.js",
          "file": "\\steps\\students_test.js",
          "beforeHooks": [
            {
              "title": "\"before all\" hook: codeceptjs.beforeSuite in \"Students\"",
              "fullTitle": "Students \"before all\" hook: codeceptjs.beforeSuite in \"Students\"",
              "timedOut": false,
              "duration": 0,
              "state": null,
              "speed": null,
              "pass": false,
              "fail": false,
              "pending": false,
              "context": null,
              "code": "suiteSetup(suite)",
              "err": {},
              "uuid": "1dfd5e9b-861e-4c27-9d26-9c92b9335674",
              "parentUUID": "e33bee70-33e9-48d8-ae47-0296a9dcd0e0",
              "isHook": true,
              "skipped": false
            },
            {
              "title": "\"before all\" hook: BeforeSuite in \"Students\"",
              "fullTitle": "Students \"before all\" hook: BeforeSuite in \"Students\"",
              "timedOut": false,
              "duration": 2,
              "state": null,
              "speed": null,
              "pass": false,
              "fail": false,
              "pending": false,
              "context": null,
              "code": "console.log('Iniciando Feature Students PageObject')",
              "err": {},
              "uuid": "67117884-d543-4bef-af9e-449706ce8e61",
              "parentUUID": "e33bee70-33e9-48d8-ae47-0296a9dcd0e0",
              "isHook": true,
              "skipped": false
            },
            {
              "title": "\"before each\" hook: codeceptjs.before in \"Students\"",
              "fullTitle": "Students \"before each\" hook: codeceptjs.before in \"Students\"",
              "timedOut": false,
              "duration": 2585,
              "state": null,
              "speed": null,
              "pass": false,
              "fail": false,
              "pending": false,
              "context": null,
              "code": "setup(suite)",
              "err": {},
              "uuid": "5cca7f8d-9809-4f36-a747-f2cdd3003e21",
              "parentUUID": "e33bee70-33e9-48d8-ae47-0296a9dcd0e0",
              "isHook": true,
              "skipped": false
            }
          ],
          "afterHooks": [
            {
              "title": "\"after all\" hook: AfterSuite in \"Students\"",
              "fullTitle": "Students \"after all\" hook: AfterSuite in \"Students\"",
              "timedOut": false,
              "duration": 1,
              "state": null,
              "speed": null,
              "pass": false,
              "fail": false,
              "pending": false,
              "context": null,
              "code": "console.log('Finalizando Feature Students PageObject')",
              "err": {},
              "uuid": "4459a77a-4ce5-449c-8a0f-516b077b4e52",
              "parentUUID": "e33bee70-33e9-48d8-ae47-0296a9dcd0e0",
              "isHook": true,
              "skipped": false
            },
            {
              "title": "\"after all\" hook: codeceptjs.afterSuite in \"Students\"",
              "fullTitle": "Students \"after all\" hook: codeceptjs.afterSuite in \"Students\"",
              "timedOut": false,
              "duration": 0,
              "state": null,
              "speed": null,
              "pass": false,
              "fail": false,
              "pending": false,
              "context": null,
              "code": "suiteTeardown(suite)",
              "err": {},
              "uuid": "dc64c1cf-216a-4e83-bc18-89f7ca5b6f04",
              "parentUUID": "e33bee70-33e9-48d8-ae47-0296a9dcd0e0",
              "isHook": true,
              "skipped": false
            },
            {
              "title": "\"after each\" hook: finalize codeceptjs in \"Students\"",
              "fullTitle": "Students \"after each\" hook: finalize codeceptjs in \"Students\"",
              "timedOut": false,
              "duration": 175,
              "state": null,
              "speed": null,
              "pass": false,
              "fail": false,
              "pending": false,
              "context": null,
              "code": "teardown(suite)",
              "err": {},
              "uuid": "7395a920-0c3c-481e-8b47-904a6be74168",
              "parentUUID": "e33bee70-33e9-48d8-ae47-0296a9dcd0e0",
              "isHook": true,
              "skipped": false
            }
          ],
          "tests": [
            {
              "title": "Adding students with succsess",
              "fullTitle": "Students: Adding students with succsess",
              "timedOut": false,
              "duration": 14449,
              "state": "passed",
              "speed": "slow",
              "pass": true,
              "fail": false,
              "pending": false,
              "context": null,
              "code": "login_page.doLogin({})\nhome_page.registerStudent(dados.code, dados.student)\nhome_page.validateCreateStudent()\nhome_page.searchAndValidateStudent(dados.code, dados.student)",
              "err": {},
              "uuid": "cd69e0b0-7056-4992-b4a0-c0d161b56342",
              "parentUUID": "e33bee70-33e9-48d8-ae47-0296a9dcd0e0",
              "isHook": false,
              "skipped": false
            }
          ],
          "suites": [],
          "passes": [
            "cd69e0b0-7056-4992-b4a0-c0d161b56342"
          ],
          "failures": [],
          "pending": [],
          "skipped": [],
          "duration": 14449,
          "root": false,
          "rootEmpty": false,
          "_timeout": 0
        },
        {
          "uuid": "007c9e9e-cc96-43ac-9ba3-cdeb7add5935",
          "title": "login",
          "fullFile": "C:\\Users\\Deivid Fuzari\\Desktop\\projectMobile-appium-codeceptJS-qazando\\steps\\login_test.js",
          "file": "\\steps\\login_test.js",
          "beforeHooks": [
            {
              "title": "\"before all\" hook: codeceptjs.beforeSuite in \"login\"",
              "fullTitle": "login \"before all\" hook: codeceptjs.beforeSuite in \"login\"",
              "timedOut": false,
              "duration": 0,
              "state": null,
              "speed": null,
              "pass": false,
              "fail": false,
              "pending": false,
              "context": null,
              "code": "suiteSetup(suite)",
              "err": {},
              "uuid": "9174321e-6141-46df-ac6b-f8309914cf6b",
              "parentUUID": "007c9e9e-cc96-43ac-9ba3-cdeb7add5935",
              "isHook": true,
              "skipped": false
            },
            {
              "title": "\"before all\" hook: BeforeSuite in \"login\"",
              "fullTitle": "login \"before all\" hook: BeforeSuite in \"login\"",
              "timedOut": false,
              "duration": 1,
              "state": null,
              "speed": null,
              "pass": false,
              "fail": false,
              "pending": false,
              "context": null,
              "code": "console.log('Iniciando Feature Login PageObject')",
              "err": {},
              "uuid": "f5159db5-4a92-4070-9d25-32c11eff2df8",
              "parentUUID": "007c9e9e-cc96-43ac-9ba3-cdeb7add5935",
              "isHook": true,
              "skipped": false
            },
            {
              "title": "\"before each\" hook: codeceptjs.before in \"login\"",
              "fullTitle": "login \"before each\" hook: codeceptjs.before in \"login\"",
              "timedOut": false,
              "duration": 2513,
              "state": null,
              "speed": null,
              "pass": false,
              "fail": false,
              "pending": false,
              "context": null,
              "code": "setup(suite)",
              "err": {},
              "uuid": "156ce2b7-c7fc-4592-9174-293af8debe0e",
              "parentUUID": "007c9e9e-cc96-43ac-9ba3-cdeb7add5935",
              "isHook": true,
              "skipped": false
            }
          ],
          "afterHooks": [
            {
              "title": "\"after all\" hook: AfterSuite in \"login\"",
              "fullTitle": "login \"after all\" hook: AfterSuite in \"login\"",
              "timedOut": false,
              "duration": 1,
              "state": null,
              "speed": null,
              "pass": false,
              "fail": false,
              "pending": false,
              "context": null,
              "code": "console.log('Finalizado Feature Login PageObject')",
              "err": {},
              "uuid": "fe5dc7d5-5c7d-4dc2-8a50-4ed1ddfcfe67",
              "parentUUID": "007c9e9e-cc96-43ac-9ba3-cdeb7add5935",
              "isHook": true,
              "skipped": false
            },
            {
              "title": "\"after all\" hook: codeceptjs.afterSuite in \"login\"",
              "fullTitle": "login \"after all\" hook: codeceptjs.afterSuite in \"login\"",
              "timedOut": false,
              "duration": 0,
              "state": null,
              "speed": null,
              "pass": false,
              "fail": false,
              "pending": false,
              "context": null,
              "code": "suiteTeardown(suite)",
              "err": {},
              "uuid": "13a33c22-6ded-4969-8f33-c12c1713d408",
              "parentUUID": "007c9e9e-cc96-43ac-9ba3-cdeb7add5935",
              "isHook": true,
              "skipped": false
            },
            {
              "title": "\"after each\" hook: finalize codeceptjs in \"login\"",
              "fullTitle": "login \"after each\" hook: finalize codeceptjs in \"login\"",
              "timedOut": false,
              "duration": 178,
              "state": null,
              "speed": null,
              "pass": false,
              "fail": false,
              "pending": false,
              "context": null,
              "code": "teardown(suite)",
              "err": {},
              "uuid": "d3850f7c-6247-42bf-acfe-e7cbfcb3de8d",
              "parentUUID": "007c9e9e-cc96-43ac-9ba3-cdeb7add5935",
              "isHook": true,
              "skipped": false
            }
          ],
          "tests": [
            {
              "title": "Test login succsses",
              "fullTitle": "login: Test login succsses",
              "timedOut": false,
              "duration": 6134,
              "state": "passed",
              "speed": "slow",
              "pass": true,
              "fail": false,
              "pending": false,
              "context": null,
              "code": "I, home_page }) => {\n    login_page.doLogin({})\n    home_page.validateLoginSuccsess()",
              "err": {},
              "uuid": "4c4fe81f-1f80-4f3b-a701-a7390ba84c8f",
              "parentUUID": "007c9e9e-cc96-43ac-9ba3-cdeb7add5935",
              "isHook": false,
              "skipped": false
            },
            {
              "title": "Test login Erro",
              "fullTitle": "login: Test login Erro",
              "timedOut": false,
              "duration": 5598,
              "state": "passed",
              "speed": "slow",
              "pass": true,
              "fail": false,
              "pending": false,
              "context": null,
              "code": "I }) => {\n    login_page.doLogin({ password: \"1234567\" })\n    login_page.validateFailLogin()",
              "err": {},
              "uuid": "88169faf-e98b-4d57-a2e7-1408e886aa23",
              "parentUUID": "007c9e9e-cc96-43ac-9ba3-cdeb7add5935",
              "isHook": false,
              "skipped": false
            }
          ],
          "suites": [],
          "passes": [
            "4c4fe81f-1f80-4f3b-a701-a7390ba84c8f",
            "88169faf-e98b-4d57-a2e7-1408e886aa23"
          ],
          "failures": [],
          "pending": [],
          "skipped": [],
          "duration": 11732,
          "root": false,
          "rootEmpty": false,
          "_timeout": 0
        }
      ],
      "passes": [],
      "failures": [],
      "pending": [],
      "skipped": [],
      "duration": 0,
      "root": true,
      "rootEmpty": true,
      "_timeout": 0
    }
  ],
  "meta": {
    "mocha": {
      "version": "11.7.1"
    },
    "mochawesome": {
      "options": {
        "quiet": false,
        "reportFilename": "mochawesome",
        "saveHtml": true,
        "saveJson": true,
        "consoleReporter": "spec",
        "useInlineDiffs": false,
        "code": true
      },
      "version": "7.1.3"
    },
    "marge": {
      "options": {},
      "version": "6.2.0"
    }
  }
}