{
  "stats": {
    "suites": 3,
    "tests": 4,
    "passes": 4,
    "pending": 0,
    "failures": 0,
    "start": "2025-07-19T14:38:45.015Z",
    "end": "2025-07-19T14:39:30.156Z",
    "duration": 45141,
    "testsRegistered": 4,
    "passPercent": 100,
    "pendingPercent": 0,
    "other": 0,
    "hasOther": false,
    "skipped": 0,
    "hasSkipped": false
  },
  "results": [
    {
      "uuid": "d77b3e38-cfad-4230-9c21-9a7bee3ebaf7",
      "title": "",
      "fullFile": "",
      "file": "",
      "beforeHooks": [],
      "afterHooks": [],
      "tests": [],
      "suites": [
        {
          "uuid": "5d6e1edf-8155-4c45-a9ea-3c50aed52a18",
          "title": "Login",
          "fullFile": "C:\\Users\\Deivid Fuzari\\Desktop\\projectMobile-appium-codeceptJS-qazando\\features\\basic.feature",
          "file": "\\features\\basic.feature",
          "beforeHooks": [
            {
              "title": "\"before all\" hook: codeceptjs.beforeSuite in \"Login\"",
              "fullTitle": "Login \"before all\" hook: codeceptjs.beforeSuite in \"Login\"",
              "timedOut": false,
              "duration": 1,
              "state": null,
              "speed": null,
              "pass": false,
              "fail": false,
              "pending": false,
              "context": null,
              "code": "suiteSetup(suite)",
              "err": {},
              "uuid": "46e0662b-b647-41da-80df-04cfaae9338f",
              "parentUUID": "5d6e1edf-8155-4c45-a9ea-3c50aed52a18",
              "isHook": true,
              "skipped": false
            },
            {
              "title": "\"before each\" hook: codeceptjs.before in \"Login\"",
              "fullTitle": "Login \"before each\" hook: codeceptjs.before in \"Login\"",
              "timedOut": false,
              "duration": 3986,
              "state": null,
              "speed": null,
              "pass": false,
              "fail": false,
              "pending": false,
              "context": null,
              "code": "setup(suite)",
              "err": {},
              "uuid": "39e76833-3c66-451e-b95e-6c4e88dc3b2f",
              "parentUUID": "5d6e1edf-8155-4c45-a9ea-3c50aed52a18",
              "isHook": true,
              "skipped": false
            }
          ],
          "afterHooks": [
            {
              "title": "\"after all\" hook: codeceptjs.afterSuite in \"Login\"",
              "fullTitle": "Login \"after all\" hook: codeceptjs.afterSuite in \"Login\"",
              "timedOut": false,
              "duration": 0,
              "state": null,
              "speed": null,
              "pass": false,
              "fail": false,
              "pending": false,
              "context": null,
              "code": "suiteTeardown(suite)",
              "err": {},
              "uuid": "c07b9e9a-a679-47dc-9e7d-e5e443a01d8d",
              "parentUUID": "5d6e1edf-8155-4c45-a9ea-3c50aed52a18",
              "isHook": true,
              "skipped": false
            },
            {
              "title": "\"after each\" hook: codeceptjs.after in \"Login\"",
              "fullTitle": "Login \"after each\" hook: codeceptjs.after in \"Login\"",
              "timedOut": false,
              "duration": 183,
              "state": null,
              "speed": null,
              "pass": false,
              "fail": false,
              "pending": false,
              "context": null,
              "code": "teardown(suite)",
              "err": {},
              "uuid": "d7621c72-7b65-417e-b8b1-b50e190a9f2f",
              "parentUUID": "5d6e1edf-8155-4c45-a9ea-3c50aed52a18",
              "isHook": true,
              "skipped": false
            }
          ],
          "tests": [
            {
              "title": "login with succsess",
              "fullTitle": "Login: login with succsess",
              "timedOut": false,
              "duration": 7007,
              "state": "passed",
              "speed": "slow",
              "pass": true,
              "fail": false,
              "pending": false,
              "context": null,
              "code": "runSteps(child.scenario.steps)",
              "err": {},
              "uuid": "b666d63b-c5a3-4129-a496-62b3669efc0d",
              "parentUUID": "5d6e1edf-8155-4c45-a9ea-3c50aed52a18",
              "isHook": false,
              "skipped": false
            }
          ],
          "suites": [],
          "passes": [
            "b666d63b-c5a3-4129-a496-62b3669efc0d"
          ],
          "failures": [],
          "pending": [],
          "skipped": [],
          "duration": 7007,
          "root": false,
          "rootEmpty": false,
          "_timeout": 0
        },
        {
          "uuid": "52fe79e5-7536-4b5f-8a58-686aac2f5abe",
          "title": "Students",
          "fullFile": "C:\\Users\\Deivid Fuzari\\Desktop\\projectMobile-appium-codeceptJS-qazando\\steps\\students_test.js",
          "file": "\\steps\\students_test.js",
          "beforeHooks": [
            {
              "title": "\"before all\" hook: codeceptjs.beforeSuite in \"Students\"",
              "fullTitle": "Students \"before all\" hook: codeceptjs.beforeSuite in \"Students\"",
              "timedOut": false,
              "duration": 0,
              "state": null,
              "speed": null,
              "pass": false,
              "fail": false,
              "pending": false,
              "context": null,
              "code": "suiteSetup(suite)",
              "err": {},
              "uuid": "58e78a97-a64e-4423-8543-5f033ae2be79",
              "parentUUID": "52fe79e5-7536-4b5f-8a58-686aac2f5abe",
              "isHook": true,
              "skipped": false
            },
            {
              "title": "\"before all\" hook: BeforeSuite in \"Students\"",
              "fullTitle": "Students \"before all\" hook: BeforeSuite in \"Students\"",
              "timedOut": false,
              "duration": 2,
              "state": null,
              "speed": null,
              "pass": false,
              "fail": false,
              "pending": false,
              "context": null,
              "code": "console.log('Iniciando Feature Students PageObject')",
              "err": {},
              "uuid": "7e923092-79c2-4432-a871-2cfa91bf1651",
              "parentUUID": "52fe79e5-7536-4b5f-8a58-686aac2f5abe",
              "isHook": true,
              "skipped": false
            },
            {
              "title": "\"before each\" hook: codeceptjs.before in \"Students\"",
              "fullTitle": "Students \"before each\" hook: codeceptjs.before in \"Students\"",
              "timedOut": false,
              "duration": 2444,
              "state": null,
              "speed": null,
              "pass": false,
              "fail": false,
              "pending": false,
              "context": null,
              "code": "setup(suite)",
              "err": {},
              "uuid": "9f859a87-695d-49b6-bcca-12f1a58d9477",
              "parentUUID": "52fe79e5-7536-4b5f-8a58-686aac2f5abe",
              "isHook": true,
              "skipped": false
            }
          ],
          "afterHooks": [
            {
              "title": "\"after all\" hook: AfterSuite in \"Students\"",
              "fullTitle": "Students \"after all\" hook: AfterSuite in \"Students\"",
              "timedOut": false,
              "duration": 2,
              "state": null,
              "speed": null,
              "pass": false,
              "fail": false,
              "pending": false,
              "context": null,
              "code": "console.log('Finalizando Feature Students PageObject')",
              "err": {},
              "uuid": "cce6dfe6-3a29-44ec-a0a1-811121bc3942",
              "parentUUID": "52fe79e5-7536-4b5f-8a58-686aac2f5abe",
              "isHook": true,
              "skipped": false
            },
            {
              "title": "\"after all\" hook: codeceptjs.afterSuite in \"Students\"",
              "fullTitle": "Students \"after all\" hook: codeceptjs.afterSuite in \"Students\"",
              "timedOut": false,
              "duration": 0,
              "state": null,
              "speed": null,
              "pass": false,
              "fail": false,
              "pending": false,
              "context": null,
              "code": "suiteTeardown(suite)",
              "err": {},
              "uuid": "a22f0df7-bccb-426c-9093-5e09677a3671",
              "parentUUID": "52fe79e5-7536-4b5f-8a58-686aac2f5abe",
              "isHook": true,
              "skipped": false
            },
            {
              "title": "\"after each\" hook: finalize codeceptjs in \"Students\"",
              "fullTitle": "Students \"after each\" hook: finalize codeceptjs in \"Students\"",
              "timedOut": false,
              "duration": 174,
              "state": null,
              "speed": null,
              "pass": false,
              "fail": false,
              "pending": false,
              "context": null,
              "code": "teardown(suite)",
              "err": {},
              "uuid": "9a66fcbb-7c60-4e04-a995-2ef470ce09ad",
              "parentUUID": "52fe79e5-7536-4b5f-8a58-686aac2f5abe",
              "isHook": true,
              "skipped": false
            }
          ],
          "tests": [
            {
              "title": "Adding students with succsess",
              "fullTitle": "Students: Adding students with succsess",
              "timedOut": false,
              "duration": 14546,
              "state": "passed",
              "speed": "slow",
              "pass": true,
              "fail": false,
              "pending": false,
              "context": null,
              "code": "login_page.doLogin({})\nhome_page.registerStudent(dados.code, dados.student)\nhome_page.validateCreateStudent()\nhome_page.searchAndValidateStudent(dados.code, dados.student)",
              "err": {},
              "uuid": "933e9f54-831e-4241-ad82-7e368d5452ed",
              "parentUUID": "52fe79e5-7536-4b5f-8a58-686aac2f5abe",
              "isHook": false,
              "skipped": false
            }
          ],
          "suites": [],
          "passes": [
            "933e9f54-831e-4241-ad82-7e368d5452ed"
          ],
          "failures": [],
          "pending": [],
          "skipped": [],
          "duration": 14546,
          "root": false,
          "rootEmpty": false,
          "_timeout": 0
        },
        {
          "uuid": "cdd178f6-71da-4733-a448-787dc35aac73",
          "title": "login",
          "fullFile": "C:\\Users\\Deivid Fuzari\\Desktop\\projectMobile-appium-codeceptJS-qazando\\steps\\login_test.js",
          "file": "\\steps\\login_test.js",
          "beforeHooks": [
            {
              "title": "\"before all\" hook: codeceptjs.beforeSuite in \"login\"",
              "fullTitle": "login \"before all\" hook: codeceptjs.beforeSuite in \"login\"",
              "timedOut": false,
              "duration": 0,
              "state": null,
              "speed": null,
              "pass": false,
              "fail": false,
              "pending": false,
              "context": null,
              "code": "suiteSetup(suite)",
              "err": {},
              "uuid": "1205c681-84af-43cc-b9ce-7785d3cc251c",
              "parentUUID": "cdd178f6-71da-4733-a448-787dc35aac73",
              "isHook": true,
              "skipped": false
            },
            {
              "title": "\"before all\" hook: BeforeSuite in \"login\"",
              "fullTitle": "login \"before all\" hook: BeforeSuite in \"login\"",
              "timedOut": false,
              "duration": 1,
              "state": null,
              "speed": null,
              "pass": false,
              "fail": false,
              "pending": false,
              "context": null,
              "code": "console.log('Iniciando Feature Login PageObject')",
              "err": {},
              "uuid": "9835583e-e7df-43c9-b762-fa024f5521aa",
              "parentUUID": "cdd178f6-71da-4733-a448-787dc35aac73",
              "isHook": true,
              "skipped": false
            },
            {
              "title": "\"before each\" hook: codeceptjs.before in \"login\"",
              "fullTitle": "login \"before each\" hook: codeceptjs.before in \"login\"",
              "timedOut": false,
              "duration": 2459,
              "state": null,
              "speed": null,
              "pass": false,
              "fail": false,
              "pending": false,
              "context": null,
              "code": "setup(suite)",
              "err": {},
              "uuid": "2b8f40e0-6b82-49e0-9f73-74fea3405df2",
              "parentUUID": "cdd178f6-71da-4733-a448-787dc35aac73",
              "isHook": true,
              "skipped": false
            }
          ],
          "afterHooks": [
            {
              "title": "\"after all\" hook: AfterSuite in \"login\"",
              "fullTitle": "login \"after all\" hook: AfterSuite in \"login\"",
              "timedOut": false,
              "duration": 1,
              "state": null,
              "speed": null,
              "pass": false,
              "fail": false,
              "pending": false,
              "context": null,
              "code": "console.log('Finalizado Feature Login PageObject')",
              "err": {},
              "uuid": "14ffa00a-921f-4fed-a057-7552c2e716fc",
              "parentUUID": "cdd178f6-71da-4733-a448-787dc35aac73",
              "isHook": true,
              "skipped": false
            },
            {
              "title": "\"after all\" hook: codeceptjs.afterSuite in \"login\"",
              "fullTitle": "login \"after all\" hook: codeceptjs.afterSuite in \"login\"",
              "timedOut": false,
              "duration": 0,
              "state": null,
              "speed": null,
              "pass": false,
              "fail": false,
              "pending": false,
              "context": null,
              "code": "suiteTeardown(suite)",
              "err": {},
              "uuid": "d7fbaeb4-e7ee-46c9-88ab-969934191149",
              "parentUUID": "cdd178f6-71da-4733-a448-787dc35aac73",
              "isHook": true,
              "skipped": false
            },
            {
              "title": "\"after each\" hook: finalize codeceptjs in \"login\"",
              "fullTitle": "login \"after each\" hook: finalize codeceptjs in \"login\"",
              "timedOut": false,
              "duration": 172,
              "state": null,
              "speed": null,
              "pass": false,
              "fail": false,
              "pending": false,
              "context": null,
              "code": "teardown(suite)",
              "err": {},
              "uuid": "f4241403-3cfe-4365-9338-fc350bf7748c",
              "parentUUID": "cdd178f6-71da-4733-a448-787dc35aac73",
              "isHook": true,
              "skipped": false
            }
          ],
          "tests": [
            {
              "title": "Test login succsses",
              "fullTitle": "login: Test login succsses",
              "timedOut": false,
              "duration": 6035,
              "state": "passed",
              "speed": "slow",
              "pass": true,
              "fail": false,
              "pending": false,
              "context": null,
              "code": "I, home_page }) => {\n    login_page.doLogin({})\n    home_page.validateLoginSuccsess()",
              "err": {},
              "uuid": "0b7ba6da-288a-4a4c-8602-2a806cf4ca28",
              "parentUUID": "cdd178f6-71da-4733-a448-787dc35aac73",
              "isHook": false,
              "skipped": false
            },
            {
              "title": "Test login Erro",
              "fullTitle": "login: Test login Erro",
              "timedOut": false,
              "duration": 5515,
              "state": "passed",
              "speed": "slow",
              "pass": true,
              "fail": false,
              "pending": false,
              "context": null,
              "code": "I }) => {\n    login_page.doLogin({ password: \"1234567\" })\n    login_page.validateFailLogin()",
              "err": {},
              "uuid": "d933455d-24ca-4eaa-9e1a-fe2b0a5b51da",
              "parentUUID": "cdd178f6-71da-4733-a448-787dc35aac73",
              "isHook": false,
              "skipped": false
            }
          ],
          "suites": [],
          "passes": [
            "0b7ba6da-288a-4a4c-8602-2a806cf4ca28",
            "d933455d-24ca-4eaa-9e1a-fe2b0a5b51da"
          ],
          "failures": [],
          "pending": [],
          "skipped": [],
          "duration": 11550,
          "root": false,
          "rootEmpty": false,
          "_timeout": 0
        }
      ],
      "passes": [],
      "failures": [],
      "pending": [],
      "skipped": [],
      "duration": 0,
      "root": true,
      "rootEmpty": true,
      "_timeout": 0
    }
  ],
  "meta": {
    "mocha": {
      "version": "11.7.1"
    },
    "mochawesome": {
      "options": {
        "quiet": false,
        "reportFilename": "mochawesome",
        "saveHtml": true,
        "saveJson": true,
        "consoleReporter": "spec",
        "useInlineDiffs": false,
        "code": true
      },
      "version": "7.1.3"
    },
    "marge": {
      "options": {},
      "version": "6.2.0"
    }
  }
}